[2024-01-16 11:51:07.065][localhost_3306][000024][MYSQL][]
SHOW VARIABLES LIKE 'lower_case_%'; SHOW VARIABLES LIKE 'sql_mode'; SELECT COUNT(*) AS support_ndb FROM information_schema.ENGINES WHERE Engine = 'ndbcluster'

[2024-01-16 11:51:07.078][localhost_3306][000024][MYSQL][]
SELECT SCHEMA_NAME, DEFAULT_CHARACTER_SET_NAME, DEFAULT_COLLATION_NAME FROM information_schema.SCHEMATA

[2024-01-16 11:51:11.087][localhost_3306][000024][MYSQL][]
SELECT COUNT(*) FROM information_schema.TABLES WHERE TABLE_SCHEMA = 'wordpress_db' UNION SELECT COUNT(*) FROM information_schema.COLUMNS WHERE TABLE_SCHEMA = 'wordpress_db' UNION SELECT COUNT(*) FROM information_schema.ROUTINES WHERE ROUTINE_SCHEMA = 'wordpress_db'

[2024-01-16 11:51:11.104][localhost_3306][000025][MYSQL][]
SHOW FULL TABLES WHERE Table_type != 'VIEW'

[2024-01-16 11:51:11.145][localhost_3306][000024][MYSQL][]
SELECT TABLE_SCHEMA, TABLE_NAME, TABLE_TYPE FROM information_schema.TABLES WHERE TABLE_SCHEMA = 'wordpress_db' ORDER BY TABLE_SCHEMA, TABLE_TYPE

[2024-01-16 11:51:11.145][localhost_3306][000025][MYSQL][]
SHOW TABLE STATUS

[2024-01-16 11:51:11.15][localhost_3306][000024][MYSQL][]
SELECT TABLE_SCHEMA, TABLE_NAME, COLUMN_NAME, COLUMN_TYPE FROM information_schema.COLUMNS WHERE TABLE_SCHEMA = 'wordpress_db' ORDER BY TABLE_SCHEMA, TABLE_NAME

[2024-01-16 11:51:11.186][localhost_3306][000024][MYSQL][]
SELECT DISTINCT ROUTINE_SCHEMA, ROUTINE_NAME, PARAMS.PARAMETER FROM information_schema.ROUTINES LEFT JOIN ( SELECT SPECIFIC_SCHEMA, SPECIFIC_NAME, GROUP_CONCAT(CONCAT(DATA_TYPE, ' ', PARAMETER_NAME) ORDER BY ORDINAL_POSITION SEPARATOR ', ') PARAMETER, ROUTINE_TYPE FROM information_schema.PARAMETERS GROUP BY SPECIFIC_SCHEMA, SPECIFIC_NAME, ROUTINE_TYPE ) PARAMS ON ROUTINES.ROUTINE_SCHEMA = PARAMS.SPECIFIC_SCHEMA AND ROUTINES.ROUTINE_NAME = PARAMS.SPECIFIC_NAME AND ROUTINES.ROUTINE_TYPE = PARAMS.ROUTINE_TYPE WHERE ROUTINE_SCHEMA = 'wordpress_db' ORDER BY ROUTINE_SCHEMA

[2024-01-16 11:52:45.604][localhost_3306][000024][MYSQL][]
SELECT * FROM `wordpress_db`.`wp_users` LIMIT 0,1000

[2024-01-16 11:52:45.606][localhost_3306][000024][MYSQL][]
SHOW TABLE STATUS LIKE 'wp_users'

[2024-01-16 11:52:45.611][localhost_3306][000034][MYSQL][]
SHOW COLUMNS FROM `wordpress_db`.`wp_users`

[2024-01-16 11:52:45.615][localhost_3306][000025][MYSQL][]
SHOW CREATE TABLE `wordpress_db`.`wp_users`

[2024-01-16 11:52:45.615][localhost_3306][000034][MYSQL][]
SHOW INDEX FROM `wp_users`

[2024-01-16 11:52:45.619][localhost_3306][000024][MYSQL][]
SHOW CREATE TABLE `wp_users` 

[2024-01-16 11:52:45.62][localhost_3306][000024][MYSQL][]
SHOW FULL COLUMNS FROM `wp_users`

[2024-01-16 12:04:48.294][localhost_3306][000024][MYSQL][]
UPDATE `wordpress_db`.`wp_users` SET `user_pass` = '$P$BQddKNHYwfzW01uCOhOq68KIfaSvpl.' WHERE `ID` = 2

[2024-01-16 12:04:48.298][localhost_3306][000024][MYSQL][]
SELECT * FROM `wordpress_db`.`wp_users` WHERE `ID` = 2

